# Logfile created on 2014-01-30 10:58:58 -0600 by logger.rb/41954
I, [2014-01-30T10:58:58.376184 #2959]  INFO -- : Executing: CREATE TABLE films (id INTEGER PRIMARY KEY AUTOINCREMENT, name varchar(50), director varchar (50), year integer, country varchar(30)
I, [2014-01-30T11:03:03.012246 #2969]  INFO -- : Executing: CREATE TABLE films (id INTEGER PRIMARY KEY AUTOINCREMENT, name varchar(50), director varchar (50), year integer, country varchar(30)
I, [2014-01-30T11:03:33.862808 #2970]  INFO -- : Executing: CREATE TABLE films (id INTEGER PRIMARY KEY AUTOINCREMENT, name varchar(50), director varchar (50), year integer, country varchar(30)
I, [2014-01-30T11:05:20.632097 #2972]  INFO -- : Executing: CREATE TABLE films (id INTEGER PRIMARY KEY AUTOINCREMENT, name varchar(50), director varchar (50), year integer, country varchar(30))
I, [2014-01-30T11:16:38.659932 #3013]  INFO -- : Executing: CREATE TABLE films (id INTEGER PRIMARY KEY AUTOINCREMENT, name varchar(50), director varchar (50), year integer, country varchar(30))
I, [2014-01-31T09:43:57.840188 #4707]  INFO -- : Executing: CREATE TABLE films (id INTEGER PRIMARY KEY AUTOINCREMENT, name varchar(50), director varchar (50), year integer, country varchar(30))
I, [2014-01-31T11:39:25.285548 #4943]  INFO -- : Executing: insert into films(name, director, year, country) values('Persona', 'Ingmar Bergman', 1966, 'Sweden'')
I, [2014-01-31T11:40:54.917240 #4959]  INFO -- : Executing: insert into films(name, director, year, country) values('Persona', 'Ingmar Bergman', 1966, 'Sweden'')
I, [2014-01-31T11:41:57.453631 #4967]  INFO -- : Executing: insert into films(name, director, year, country) values('Persona', 'Ingmar Bergman', 1966, 'Sweden'')
I, [2014-01-31T13:29:52.643063 #5299]  INFO -- : Executing: insert into films(name, director, year, country) values('Persona', 'Ingmar Bergman', 1966, 'Sweden'')
I, [2014-01-31T13:38:10.032807 #5397]  INFO -- : Executing: insert into films(name, director, year, country) values('Persona', 'Ingmar Bergman', 1966, 'Sweden')
I, [2014-01-31T13:38:44.756758 #5410]  INFO -- : Executing: insert into films(name, director, year, country) values('Persona', 'Ingmar Bergman', 1966, 'Sweden')
I, [2014-01-31T13:40:01.002414 #5430]  INFO -- : Executing: insert into films(name, director, year, country) values('Persona', 'Ingmar Bergman', 1966, 'Sweden')
I, [2014-01-31T13:40:23.795804 #5438]  INFO -- : Executing: insert into films(name, director, year, country) values('Persona', 'Ingmar Bergman', 1966, 'Sweden')
I, [2014-01-31T13:48:56.418410 #5467]  INFO -- : Executing: insert into films(name, director, year, country) values('Persona', 'Ingmar Bergman', 1966, 'Sweden')
I, [2014-01-31T13:51:07.407193 #5482]  INFO -- : Executing: insert into films(name, director, year, country) values('Persona', 'Ingmar Bergman', 1966, 'Sweden')
I, [2014-01-31T13:51:13.036977 #5484]  INFO -- : Executing: insert into films(name, director, year, country) values('Persona', 'Ingmar Bergman', 1966, 'Sweden')
I, [2014-01-31T13:53:12.062762 #5498]  INFO -- : Executing: insert into films(name, director, year, country) values('Persona', 'Ingmar Bergman', 1966, 'Sweden')
I, [2014-01-31T13:54:59.073105 #5517]  INFO -- : Executing: insert into films(name, director, year, country) values('Persona', 'Ingmar Bergman', 1966, 'Sweden')
I, [2014-01-31T16:16:10.057849 #5784]  INFO -- : Executing: insert into films(name, director, year, country) values('Persona', 'Ingmar Bergman', 1966, 'Sweden')
I, [2014-02-03T13:02:06.919243 #7897]  INFO -- : Executing: insert into films(name, director, year, country) values('Persona', 'Ingmar Bergman', 1966, 'Sweden')
I, [2014-02-03T13:05:49.771705 #8140]  INFO -- : Executing: insert into films(name, director, year, country) values('Persona', 'Ingmar Bergman', 1966, 'Sweden')
I, [2014-02-03T13:06:35.813714 #8159]  INFO -- : Executing: insert into films(name, director, year, country) values('Persona', 'Ingmar Bergman', 1966, 'Sweden')
I, [2014-02-03T13:13:43.636933 #8421]  INFO -- : Executing: insert into films(name, director, year, country) values('Persona', 'Ingmar Bergman', 1966, 'Sweden')
I, [2014-02-03T13:16:09.145386 #8447]  INFO -- : Executing: insert into films(name, director, year, country) values('Persona', 'Ingmar Bergman', 1966, 'Sweden')
I, [2014-02-03T13:22:59.653755 #8473]  INFO -- : Executing: insert into films(name, director, year, country) values('Persona', 'Ingmar Bergman', 1966, 'Sweden')
I, [2014-02-03T13:23:52.652166 #8490]  INFO -- : Executing: insert into films(name, director, year, country) values('Persona', 'Ingmar Bergman', 1966, 'Sweden')
I, [2014-02-03T13:28:52.983019 #8509]  INFO -- : Executing: insert into films(name, director, year, country) values('Persona', 'Ingmar Bergman', 1966, 'Sweden')
I, [2014-02-03T13:29:32.558543 #8527]  INFO -- : Executing: insert into films(name, director, year, country) values('Persona', 'Ingmar Bergman', 1966, 'Sweden')
I, [2014-02-03T13:29:39.760727 #8539]  INFO -- : Executing: insert into films(name, director, year, country) values('Persona', 'Ingmar Bergman', 1966, 'Sweden')
I, [2014-02-03T13:29:50.011547 #8555]  INFO -- : Executing: insert into films(name, director, year, country) values('Persona', 'Ingmar Bergman', 1966, 'Sweden')
I, [2014-02-03T13:30:00.961554 #8566]  INFO -- : Executing: insert into films(name, director, year, country) values('Persona', 'Ingmar Bergman', 1966, 'Sweden')
I, [2014-02-03T13:30:14.652053 #8586]  INFO -- : Executing: insert into films(name, director, year, country) values('Persona', 'Ingmar Bergman', 1966, 'Sweden')
I, [2014-02-03T13:30:23.623509 #8595]  INFO -- : Executing: insert into films(name, director, year, country) values('Persona', 'Ingmar Bergman', 1966, 'Sweden')
I, [2014-02-03T13:30:30.923115 #8613]  INFO -- : Executing: insert into films(name, director, year, country) values('Persona', 'Ingmar Bergman', 1966, 'Sweden')
I, [2014-02-03T13:30:40.841590 #8626]  INFO -- : Executing: insert into films(name, director, year, country) values('Persona', 'Ingmar Bergman', 1966, 'Sweden')
I, [2014-02-03T13:30:58.717848 #8643]  INFO -- : Executing: insert into films(name, director, year, country) values('Persona', 'Ingmar Bergman', 1966, 'Sweden')
I, [2014-02-03T13:31:08.201658 #8656]  INFO -- : Executing: insert into films(name, director, year, country) values('Persona', 'Ingmar Bergman', 1966, 'Sweden')
I, [2014-02-03T13:31:15.790451 #8662]  INFO -- : Executing: insert into films(name, director, year, country) values('Persona', 'Ingmar Bergman', 1966, 'Sweden')
I, [2014-02-03T13:31:28.180770 #8685]  INFO -- : Executing: insert into films(name, director, year, country) values('Persona', 'Ingmar Bergman', 1966, 'Sweden')
I, [2014-02-03T13:31:38.553228 #8691]  INFO -- : Executing: insert into films(name, director, year, country) values('Persona', 'Ingmar Bergman', 1966, 'Sweden')
I, [2014-02-03T13:31:47.404346 #8714]  INFO -- : Executing: insert into films(name, director, year, country) values('Persona', 'Ingmar Bergman', 1966, 'Sweden')
I, [2014-02-03T13:31:56.754277 #8729]  INFO -- : Executing: insert into films(name, director, year, country) values('Persona', 'Ingmar Bergman', 1966, 'Sweden')
I, [2014-02-03T13:32:20.791927 #8742]  INFO -- : Executing: insert into films(name, director, year, country) values('Persona', 'Ingmar Bergman', 1966, 'Sweden')
I, [2014-02-03T13:32:30.359199 #8758]  INFO -- : Executing: insert into films(name, director, year, country) values('Persona', 'Ingmar Bergman', 1966, 'Sweden')
I, [2014-02-03T13:32:35.695077 #8773]  INFO -- : Executing: insert into films(name, director, year, country) values('Persona', 'Ingmar Bergman', 1966, 'Sweden')
I, [2014-02-03T13:32:53.490097 #8778]  INFO -- : Executing: insert into films(name, director, year, country) values('Persona', 'Ingmar Bergman', 1966, 'Sweden')
I, [2014-02-03T13:33:04.118492 #8801]  INFO -- : Executing: insert into films(name, director, year, country) values('Persona', 'Ingmar Bergman', 1966, 'Sweden')
I, [2014-02-03T13:35:13.181623 #8822]  INFO -- : Executing: insert into films(name, director, year, country) values('Persona', 'Ingmar Bergman', 1966, 'Sweden')
I, [2014-02-03T13:37:08.472821 #8859]  INFO -- : Executing: insert into films(name, director, year, country) values('Persona', 'Ingmar Bergman', 1966, 'Sweden')
I, [2014-02-03T13:41:10.740406 #9048]  INFO -- : Executing: insert into films(name, director, year, country) values('Persona', 'Ingmar Bergman', 1966, 'Sweden')
I, [2014-02-03T13:42:14.629292 #9062]  INFO -- : Executing: insert into films(name, director, year, country) values('Persona', 'Ingmar Bergman', 1966, 'Sweden')
I, [2014-02-03T13:45:05.381971 #9088]  INFO -- : Executing: insert into films(name, director, year, country) values('Persona', 'Ingmar Bergman', 1966, 'Sweden')
I, [2014-02-03T13:47:22.397816 #9111]  INFO -- : Executing: insert into films(name, director, year, country) values('Persona', 'Ingmar Bergman', 1966, 'Sweden')
